{"C:\\Faculdade\\TDS\\pericia-forense\\src\\app.js": {"path":"C:\\Faculdade\\TDS\\pericia-forense\\src\\app.js","statementMap":{"0":{"start":{"line":1,"column":16},"end":{"line":1,"column":34}},"1":{"start":{"line":2,"column":13},"end":{"line":2,"column":28}},"2":{"start":{"line":3,"column":33},"end":{"line":3,"column":54}},"3":{"start":{"line":4,"column":12},"end":{"line":4,"column":21}},"4":{"start":{"line":6,"column":0},"end":{"line":6,"column":24}},"5":{"start":{"line":7,"column":0},"end":{"line":7,"column":59}},"6":{"start":{"line":10,"column":26},"end":{"line":10,"column":40}},"7":{"start":{"line":11,"column":4},"end":{"line":13,"column":5}},"8":{"start":{"line":12,"column":8},"end":{"line":12,"column":82}},"9":{"start":{"line":14,"column":4},"end":{"line":14,"column":16}},"10":{"start":{"line":18,"column":4},"end":{"line":18,"column":41}},"11":{"start":{"line":19,"column":4},"end":{"line":19,"column":42}},"12":{"start":{"line":20,"column":4},"end":{"line":20,"column":68}},"13":{"start":{"line":23,"column":0},"end":{"line":26,"column":3}},"14":{"start":{"line":24,"column":15},"end":{"line":24,"column":33}},"15":{"start":{"line":25,"column":4},"end":{"line":25,"column":29}},"16":{"start":{"line":28,"column":0},"end":{"line":40,"column":3}},"17":{"start":{"line":29,"column":4},"end":{"line":39,"column":5}},"18":{"start":{"line":30,"column":27},"end":{"line":30,"column":35}},"19":{"start":{"line":31,"column":8},"end":{"line":31,"column":70}},"20":{"start":{"line":31,"column":21},"end":{"line":31,"column":70}},"21":{"start":{"line":32,"column":19},"end":{"line":32,"column":37}},"22":{"start":{"line":33,"column":25},"end":{"line":33,"column":74}},"23":{"start":{"line":34,"column":8},"end":{"line":34,"column":32}},"24":{"start":{"line":35,"column":8},"end":{"line":35,"column":27}},"25":{"start":{"line":36,"column":8},"end":{"line":36,"column":46}},"26":{"start":{"line":38,"column":8},"end":{"line":38,"column":60}},"27":{"start":{"line":42,"column":0},"end":{"line":54,"column":3}},"28":{"start":{"line":43,"column":15},"end":{"line":43,"column":33}},"29":{"start":{"line":44,"column":15},"end":{"line":44,"column":38}},"30":{"start":{"line":45,"column":18},"end":{"line":45,"column":54}},"31":{"start":{"line":45,"column":42},"end":{"line":45,"column":53}},"32":{"start":{"line":46,"column":4},"end":{"line":46,"column":83}},"33":{"start":{"line":46,"column":22},"end":{"line":46,"column":83}},"34":{"start":{"line":48,"column":4},"end":{"line":48,"column":30}},"35":{"start":{"line":49,"column":4},"end":{"line":49,"column":61}},"36":{"start":{"line":49,"column":44},"end":{"line":49,"column":59}},"37":{"start":{"line":50,"column":4},"end":{"line":50,"column":63}},"38":{"start":{"line":50,"column":46},"end":{"line":50,"column":61}},"39":{"start":{"line":52,"column":4},"end":{"line":52,"column":23}},"40":{"start":{"line":53,"column":4},"end":{"line":53,"column":34}},"41":{"start":{"line":56,"column":0},"end":{"line":70,"column":3}},"42":{"start":{"line":57,"column":4},"end":{"line":69,"column":5}},"43":{"start":{"line":58,"column":48},"end":{"line":58,"column":56}},"44":{"start":{"line":59,"column":8},"end":{"line":59,"column":83}},"45":{"start":{"line":59,"column":21},"end":{"line":59,"column":83}},"46":{"start":{"line":60,"column":8},"end":{"line":60,"column":47}},"47":{"start":{"line":62,"column":19},"end":{"line":62,"column":37}},"48":{"start":{"line":63,"column":29},"end":{"line":63,"column":155}},"49":{"start":{"line":64,"column":8},"end":{"line":64,"column":40}},"50":{"start":{"line":65,"column":8},"end":{"line":65,"column":27}},"51":{"start":{"line":66,"column":8},"end":{"line":66,"column":50}},"52":{"start":{"line":68,"column":8},"end":{"line":68,"column":60}},"53":{"start":{"line":72,"column":0},"end":{"line":86,"column":3}},"54":{"start":{"line":73,"column":4},"end":{"line":85,"column":5}},"55":{"start":{"line":74,"column":46},"end":{"line":74,"column":54}},"56":{"start":{"line":75,"column":8},"end":{"line":75,"column":84}},"57":{"start":{"line":75,"column":21},"end":{"line":75,"column":84}},"58":{"start":{"line":76,"column":8},"end":{"line":76,"column":45}},"59":{"start":{"line":78,"column":19},"end":{"line":78,"column":37}},"60":{"start":{"line":79,"column":30},"end":{"line":79,"column":148}},"61":{"start":{"line":80,"column":8},"end":{"line":80,"column":42}},"62":{"start":{"line":81,"column":8},"end":{"line":81,"column":27}},"63":{"start":{"line":82,"column":8},"end":{"line":82,"column":51}},"64":{"start":{"line":84,"column":8},"end":{"line":84,"column":60}},"65":{"start":{"line":88,"column":0},"end":{"line":95,"column":3}},"66":{"start":{"line":89,"column":15},"end":{"line":89,"column":33}},"67":{"start":{"line":90,"column":18},"end":{"line":90,"column":79}},"68":{"start":{"line":90,"column":46},"end":{"line":90,"column":78}},"69":{"start":{"line":91,"column":4},"end":{"line":91,"column":87}},"70":{"start":{"line":91,"column":22},"end":{"line":91,"column":87}},"71":{"start":{"line":92,"column":4},"end":{"line":92,"column":34}},"72":{"start":{"line":93,"column":4},"end":{"line":93,"column":23}},"73":{"start":{"line":94,"column":4},"end":{"line":94,"column":34}},"74":{"start":{"line":97,"column":0},"end":{"line":104,"column":3}},"75":{"start":{"line":98,"column":15},"end":{"line":98,"column":33}},"76":{"start":{"line":99,"column":18},"end":{"line":99,"column":80}},"77":{"start":{"line":99,"column":47},"end":{"line":99,"column":79}},"78":{"start":{"line":100,"column":4},"end":{"line":100,"column":88}},"79":{"start":{"line":100,"column":22},"end":{"line":100,"column":88}},"80":{"start":{"line":101,"column":4},"end":{"line":101,"column":35}},"81":{"start":{"line":102,"column":4},"end":{"line":102,"column":23}},"82":{"start":{"line":103,"column":4},"end":{"line":103,"column":34}},"83":{"start":{"line":106,"column":0},"end":{"line":131,"column":3}},"84":{"start":{"line":107,"column":4},"end":{"line":130,"column":5}},"85":{"start":{"line":108,"column":44},"end":{"line":108,"column":52}},"86":{"start":{"line":109,"column":19},"end":{"line":109,"column":37}},"87":{"start":{"line":110,"column":25},"end":{"line":110,"column":68}},"88":{"start":{"line":110,"column":48},"end":{"line":110,"column":67}},"89":{"start":{"line":111,"column":26},"end":{"line":111,"column":71}},"90":{"start":{"line":111,"column":50},"end":{"line":111,"column":70}},"91":{"start":{"line":113,"column":8},"end":{"line":113,"column":83}},"92":{"start":{"line":113,"column":37},"end":{"line":113,"column":83}},"93":{"start":{"line":114,"column":8},"end":{"line":114,"column":77}},"94":{"start":{"line":114,"column":33},"end":{"line":114,"column":77}},"95":{"start":{"line":116,"column":32},"end":{"line":116,"column":102}},"96":{"start":{"line":118,"column":8},"end":{"line":122,"column":9}},"97":{"start":{"line":119,"column":12},"end":{"line":119,"column":42}},"98":{"start":{"line":120,"column":25},"end":{"line":120,"column":69}},"99":{"start":{"line":120,"column":44},"end":{"line":120,"column":68}},"100":{"start":{"line":121,"column":12},"end":{"line":121,"column":45}},"101":{"start":{"line":121,"column":21},"end":{"line":121,"column":45}},"102":{"start":{"line":124,"column":8},"end":{"line":124,"column":35}},"103":{"start":{"line":125,"column":8},"end":{"line":125,"column":27}},"104":{"start":{"line":127,"column":8},"end":{"line":127,"column":94}},"105":{"start":{"line":129,"column":8},"end":{"line":129,"column":60}},"106":{"start":{"line":133,"column":0},"end":{"line":165,"column":3}},"107":{"start":{"line":134,"column":4},"end":{"line":164,"column":5}},"108":{"start":{"line":135,"column":27},"end":{"line":135,"column":35}},"109":{"start":{"line":136,"column":8},"end":{"line":136,"column":66}},"110":{"start":{"line":136,"column":21},"end":{"line":136,"column":66}},"111":{"start":{"line":138,"column":19},"end":{"line":138,"column":37}},"112":{"start":{"line":140,"column":30},"end":{"line":140,"column":85}},"113":{"start":{"line":140,"column":55},"end":{"line":140,"column":84}},"114":{"start":{"line":141,"column":31},"end":{"line":141,"column":103}},"115":{"start":{"line":141,"column":57},"end":{"line":141,"column":102}},"116":{"start":{"line":143,"column":22},"end":{"line":143,"column":23}},"117":{"start":{"line":145,"column":8},"end":{"line":153,"column":11}},"118":{"start":{"line":146,"column":12},"end":{"line":151,"column":15}},"119":{"start":{"line":147,"column":16},"end":{"line":150,"column":17}},"120":{"start":{"line":148,"column":20},"end":{"line":148,"column":50}},"121":{"start":{"line":149,"column":20},"end":{"line":149,"column":30}},"122":{"start":{"line":152,"column":12},"end":{"line":152,"column":39}},"123":{"start":{"line":155,"column":8},"end":{"line":158,"column":9}},"124":{"start":{"line":156,"column":25},"end":{"line":156,"column":70}},"125":{"start":{"line":156,"column":44},"end":{"line":156,"column":69}},"126":{"start":{"line":157,"column":12},"end":{"line":157,"column":45}},"127":{"start":{"line":157,"column":21},"end":{"line":157,"column":45}},"128":{"start":{"line":160,"column":8},"end":{"line":160,"column":27}},"129":{"start":{"line":161,"column":8},"end":{"line":161,"column":116}},"130":{"start":{"line":163,"column":8},"end":{"line":163,"column":60}},"131":{"start":{"line":167,"column":0},"end":{"line":167,"column":75}}},"fnMap":{"0":{"name":"validarAmostraBiologica","decl":{"start":{"line":9,"column":9},"end":{"line":9,"column":32}},"loc":{"start":{"line":9,"column":38},"end":{"line":15,"column":1}},"line":9},"1":{"name":"calcularCompatibilidade","decl":{"start":{"line":17,"column":9},"end":{"line":17,"column":32}},"loc":{"start":{"line":17,"column":60},"end":{"line":21,"column":1}},"line":17},"2":{"name":"(anonymous_2)","decl":{"start":{"line":23,"column":22},"end":{"line":23,"column":23}},"loc":{"start":{"line":23,"column":42},"end":{"line":26,"column":1}},"line":23},"3":{"name":"(anonymous_3)","decl":{"start":{"line":28,"column":19},"end":{"line":28,"column":20}},"loc":{"start":{"line":28,"column":39},"end":{"line":40,"column":1}},"line":28},"4":{"name":"(anonymous_4)","decl":{"start":{"line":42,"column":25},"end":{"line":42,"column":26}},"loc":{"start":{"line":42,"column":45},"end":{"line":54,"column":1}},"line":42},"5":{"name":"(anonymous_5)","decl":{"start":{"line":45,"column":37},"end":{"line":45,"column":38}},"loc":{"start":{"line":45,"column":42},"end":{"line":45,"column":53}},"line":45},"6":{"name":"(anonymous_6)","decl":{"start":{"line":49,"column":39},"end":{"line":49,"column":40}},"loc":{"start":{"line":49,"column":44},"end":{"line":49,"column":59}},"line":49},"7":{"name":"(anonymous_7)","decl":{"start":{"line":50,"column":41},"end":{"line":50,"column":42}},"loc":{"start":{"line":50,"column":46},"end":{"line":50,"column":61}},"line":50},"8":{"name":"(anonymous_8)","decl":{"start":{"line":56,"column":23},"end":{"line":56,"column":24}},"loc":{"start":{"line":56,"column":43},"end":{"line":70,"column":1}},"line":56},"9":{"name":"(anonymous_9)","decl":{"start":{"line":72,"column":24},"end":{"line":72,"column":25}},"loc":{"start":{"line":72,"column":44},"end":{"line":86,"column":1}},"line":72},"10":{"name":"(anonymous_10)","decl":{"start":{"line":88,"column":29},"end":{"line":88,"column":30}},"loc":{"start":{"line":88,"column":49},"end":{"line":95,"column":1}},"line":88},"11":{"name":"(anonymous_11)","decl":{"start":{"line":90,"column":41},"end":{"line":90,"column":42}},"loc":{"start":{"line":90,"column":46},"end":{"line":90,"column":78}},"line":90},"12":{"name":"(anonymous_12)","decl":{"start":{"line":97,"column":30},"end":{"line":97,"column":31}},"loc":{"start":{"line":97,"column":50},"end":{"line":104,"column":1}},"line":97},"13":{"name":"(anonymous_13)","decl":{"start":{"line":99,"column":42},"end":{"line":99,"column":43}},"loc":{"start":{"line":99,"column":47},"end":{"line":99,"column":79}},"line":99},"14":{"name":"(anonymous_14)","decl":{"start":{"line":106,"column":30},"end":{"line":106,"column":31}},"loc":{"start":{"line":106,"column":50},"end":{"line":131,"column":1}},"line":106},"15":{"name":"(anonymous_15)","decl":{"start":{"line":110,"column":43},"end":{"line":110,"column":44}},"loc":{"start":{"line":110,"column":48},"end":{"line":110,"column":67}},"line":110},"16":{"name":"(anonymous_16)","decl":{"start":{"line":111,"column":45},"end":{"line":111,"column":46}},"loc":{"start":{"line":111,"column":50},"end":{"line":111,"column":70}},"line":111},"17":{"name":"(anonymous_17)","decl":{"start":{"line":120,"column":39},"end":{"line":120,"column":40}},"loc":{"start":{"line":120,"column":44},"end":{"line":120,"column":68}},"line":120},"18":{"name":"(anonymous_18)","decl":{"start":{"line":133,"column":35},"end":{"line":133,"column":36}},"loc":{"start":{"line":133,"column":55},"end":{"line":165,"column":1}},"line":133},"19":{"name":"(anonymous_19)","decl":{"start":{"line":140,"column":50},"end":{"line":140,"column":51}},"loc":{"start":{"line":140,"column":55},"end":{"line":140,"column":84}},"line":140},"20":{"name":"(anonymous_20)","decl":{"start":{"line":141,"column":52},"end":{"line":141,"column":53}},"loc":{"start":{"line":141,"column":57},"end":{"line":141,"column":102}},"line":141},"21":{"name":"(anonymous_21)","decl":{"start":{"line":145,"column":31},"end":{"line":145,"column":32}},"loc":{"start":{"line":145,"column":44},"end":{"line":153,"column":9}},"line":145},"22":{"name":"(anonymous_22)","decl":{"start":{"line":146,"column":34},"end":{"line":146,"column":35}},"loc":{"start":{"line":146,"column":46},"end":{"line":151,"column":13}},"line":146},"23":{"name":"(anonymous_23)","decl":{"start":{"line":156,"column":39},"end":{"line":156,"column":40}},"loc":{"start":{"line":156,"column":44},"end":{"line":156,"column":69}},"line":156}},"branchMap":{"0":{"loc":{"start":{"line":11,"column":4},"end":{"line":13,"column":5}},"type":"if","locations":[{"start":{"line":11,"column":4},"end":{"line":13,"column":5}},{"start":{},"end":{}}],"line":11},"1":{"loc":{"start":{"line":31,"column":8},"end":{"line":31,"column":70}},"type":"if","locations":[{"start":{"line":31,"column":8},"end":{"line":31,"column":70}},{"start":{},"end":{}}],"line":31},"2":{"loc":{"start":{"line":46,"column":4},"end":{"line":46,"column":83}},"type":"if","locations":[{"start":{"line":46,"column":4},"end":{"line":46,"column":83}},{"start":{},"end":{}}],"line":46},"3":{"loc":{"start":{"line":59,"column":8},"end":{"line":59,"column":83}},"type":"if","locations":[{"start":{"line":59,"column":8},"end":{"line":59,"column":83}},{"start":{},"end":{}}],"line":59},"4":{"loc":{"start":{"line":75,"column":8},"end":{"line":75,"column":84}},"type":"if","locations":[{"start":{"line":75,"column":8},"end":{"line":75,"column":84}},{"start":{},"end":{}}],"line":75},"5":{"loc":{"start":{"line":91,"column":4},"end":{"line":91,"column":87}},"type":"if","locations":[{"start":{"line":91,"column":4},"end":{"line":91,"column":87}},{"start":{},"end":{}}],"line":91},"6":{"loc":{"start":{"line":100,"column":4},"end":{"line":100,"column":88}},"type":"if","locations":[{"start":{"line":100,"column":4},"end":{"line":100,"column":88}},{"start":{},"end":{}}],"line":100},"7":{"loc":{"start":{"line":113,"column":8},"end":{"line":113,"column":83}},"type":"if","locations":[{"start":{"line":113,"column":8},"end":{"line":113,"column":83}},{"start":{},"end":{}}],"line":113},"8":{"loc":{"start":{"line":113,"column":12},"end":{"line":113,"column":35}},"type":"binary-expr","locations":[{"start":{"line":113,"column":12},"end":{"line":113,"column":21}},{"start":{"line":113,"column":25},"end":{"line":113,"column":35}}],"line":113},"9":{"loc":{"start":{"line":114,"column":8},"end":{"line":114,"column":77}},"type":"if","locations":[{"start":{"line":114,"column":8},"end":{"line":114,"column":77}},{"start":{},"end":{}}],"line":114},"10":{"loc":{"start":{"line":118,"column":8},"end":{"line":122,"column":9}},"type":"if","locations":[{"start":{"line":118,"column":8},"end":{"line":122,"column":9}},{"start":{},"end":{}}],"line":118},"11":{"loc":{"start":{"line":121,"column":12},"end":{"line":121,"column":45}},"type":"if","locations":[{"start":{"line":121,"column":12},"end":{"line":121,"column":45}},{"start":{},"end":{}}],"line":121},"12":{"loc":{"start":{"line":127,"column":49},"end":{"line":127,"column":90}},"type":"cond-expr","locations":[{"start":{"line":127,"column":67},"end":{"line":127,"column":77}},{"start":{"line":127,"column":80},"end":{"line":127,"column":90}}],"line":127},"13":{"loc":{"start":{"line":136,"column":8},"end":{"line":136,"column":66}},"type":"if","locations":[{"start":{"line":136,"column":8},"end":{"line":136,"column":66}},{"start":{},"end":{}}],"line":136},"14":{"loc":{"start":{"line":141,"column":57},"end":{"line":141,"column":102}},"type":"binary-expr","locations":[{"start":{"line":141,"column":57},"end":{"line":141,"column":86}},{"start":{"line":141,"column":90},"end":{"line":141,"column":102}}],"line":141},"15":{"loc":{"start":{"line":147,"column":16},"end":{"line":150,"column":17}},"type":"if","locations":[{"start":{"line":147,"column":16},"end":{"line":150,"column":17}},{"start":{},"end":{}}],"line":147},"16":{"loc":{"start":{"line":155,"column":8},"end":{"line":158,"column":9}},"type":"if","locations":[{"start":{"line":155,"column":8},"end":{"line":158,"column":9}},{"start":{},"end":{}}],"line":155},"17":{"loc":{"start":{"line":157,"column":12},"end":{"line":157,"column":45}},"type":"if","locations":[{"start":{"line":157,"column":12},"end":{"line":157,"column":45}},{"start":{},"end":{}}],"line":157}},"s":{"0":1,"1":1,"2":1,"3":1,"4":1,"5":1,"6":13,"7":13,"8":1,"9":12,"10":2,"11":2,"12":2,"13":1,"14":2,"15":2,"16":1,"17":3,"18":3,"19":3,"20":1,"21":2,"22":2,"23":2,"24":2,"25":2,"26":1,"27":1,"28":2,"29":2,"30":2,"31":1,"32":2,"33":1,"34":1,"35":1,"36":1,"37":1,"38":1,"39":1,"40":1,"41":1,"42":4,"43":4,"44":4,"45":1,"46":3,"47":3,"48":3,"49":3,"50":3,"51":3,"52":1,"53":1,"54":5,"55":5,"56":5,"57":1,"58":4,"59":4,"60":4,"61":4,"62":4,"63":4,"64":1,"65":1,"66":2,"67":2,"68":2,"69":2,"70":1,"71":1,"72":1,"73":1,"74":1,"75":2,"76":2,"77":2,"78":2,"79":1,"80":1,"81":1,"82":1,"83":1,"84":3,"85":3,"86":3,"87":3,"88":3,"89":3,"90":3,"91":3,"92":1,"93":2,"94":1,"95":1,"96":1,"97":1,"98":1,"99":1,"100":1,"101":1,"102":1,"103":1,"104":1,"105":2,"106":1,"107":2,"108":2,"109":2,"110":1,"111":1,"112":1,"113":1,"114":1,"115":2,"116":1,"117":1,"118":1,"119":1,"120":1,"121":1,"122":1,"123":1,"124":1,"125":1,"126":1,"127":1,"128":1,"129":1,"130":1,"131":1},"f":{"0":13,"1":2,"2":2,"3":3,"4":2,"5":1,"6":1,"7":1,"8":4,"9":5,"10":2,"11":2,"12":2,"13":2,"14":3,"15":3,"16":3,"17":1,"18":2,"19":1,"20":2,"21":1,"22":1,"23":1},"b":{"0":[1,12],"1":[1,2],"2":[1,1],"3":[1,3],"4":[1,4],"5":[1,1],"6":[1,1],"7":[1,2],"8":[3,2],"9":[1,1],"10":[1,0],"11":[1,0],"12":[1,0],"13":[1,1],"14":[2,2],"15":[1,0],"16":[1,0],"17":[1,0]},"_coverageSchema":"1a1c01bbd47fc00a2c39e90264f33305004495a9","hash":"7b279e2263fc95f0d2f8a5426d17b0f21794fc72"}
,"C:\\Faculdade\\TDS\\pericia-forense\\src\\database.js": {"path":"C:\\Faculdade\\TDS\\pericia-forense\\src\\database.js","statementMap":{"0":{"start":{"line":1,"column":11},"end":{"line":1,"column":33}},"1":{"start":{"line":2,"column":13},"end":{"line":2,"column":28}},"2":{"start":{"line":4,"column":15},"end":{"line":4,"column":75}},"3":{"start":{"line":5,"column":15},"end":{"line":5,"column":43}},"4":{"start":{"line":7,"column":17},"end":{"line":7,"column":117}},"5":{"start":{"line":10,"column":4},"end":{"line":16,"column":5}},"6":{"start":{"line":11,"column":21},"end":{"line":11,"column":54}},"7":{"start":{"line":12,"column":8},"end":{"line":12,"column":32}},"8":{"start":{"line":14,"column":8},"end":{"line":14,"column":33}},"9":{"start":{"line":15,"column":8},"end":{"line":15,"column":24}},"10":{"start":{"line":20,"column":4},"end":{"line":20,"column":63}},"11":{"start":{"line":24,"column":4},"end":{"line":26,"column":5}},"12":{"start":{"line":25,"column":8},"end":{"line":25,"column":33}},"13":{"start":{"line":29,"column":0},"end":{"line":29,"column":59}}},"fnMap":{"0":{"name":"conectarDB","decl":{"start":{"line":9,"column":15},"end":{"line":9,"column":25}},"loc":{"start":{"line":9,"column":28},"end":{"line":17,"column":1}},"line":9},"1":{"name":"salvarDB","decl":{"start":{"line":19,"column":15},"end":{"line":19,"column":23}},"loc":{"start":{"line":19,"column":31},"end":{"line":21,"column":1}},"line":19},"2":{"name":"resetarDBTestes","decl":{"start":{"line":23,"column":15},"end":{"line":23,"column":30}},"loc":{"start":{"line":23,"column":33},"end":{"line":27,"column":1}},"line":23}},"branchMap":{"0":{"loc":{"start":{"line":4,"column":15},"end":{"line":4,"column":75}},"type":"cond-expr","locations":[{"start":{"line":4,"column":49},"end":{"line":4,"column":63}},{"start":{"line":4,"column":66},"end":{"line":4,"column":75}}],"line":4},"1":{"loc":{"start":{"line":24,"column":4},"end":{"line":26,"column":5}},"type":"if","locations":[{"start":{"line":24,"column":4},"end":{"line":26,"column":5}},{"start":{},"end":{}}],"line":24}},"s":{"0":1,"1":1,"2":1,"3":1,"4":1,"5":21,"6":21,"7":20,"8":1,"9":1,"10":16,"11":1,"12":1,"13":1},"f":{"0":21,"1":16,"2":1},"b":{"0":[1,0],"1":[1,0]},"_coverageSchema":"1a1c01bbd47fc00a2c39e90264f33305004495a9","hash":"7c9a1cb1b01e7a3c7861b8c4752a4a7015a75d29"}
}
