TN:
SF:src\app.js
FN:9,validarAmostraBiologica
FN:17,calcularCompatibilidade
FN:23,(anonymous_2)
FN:28,(anonymous_3)
FN:42,(anonymous_4)
FN:45,(anonymous_5)
FN:49,(anonymous_6)
FN:50,(anonymous_7)
FN:56,(anonymous_8)
FN:72,(anonymous_9)
FN:88,(anonymous_10)
FN:90,(anonymous_11)
FN:97,(anonymous_12)
FN:99,(anonymous_13)
FN:106,(anonymous_14)
FN:110,(anonymous_15)
FN:111,(anonymous_16)
FN:120,(anonymous_17)
FN:133,(anonymous_18)
FN:140,(anonymous_19)
FN:141,(anonymous_20)
FN:145,(anonymous_21)
FN:146,(anonymous_22)
FN:156,(anonymous_23)
FNF:24
FNH:24
FNDA:13,validarAmostraBiologica
FNDA:2,calcularCompatibilidade
FNDA:2,(anonymous_2)
FNDA:3,(anonymous_3)
FNDA:2,(anonymous_4)
FNDA:1,(anonymous_5)
FNDA:1,(anonymous_6)
FNDA:1,(anonymous_7)
FNDA:4,(anonymous_8)
FNDA:5,(anonymous_9)
FNDA:2,(anonymous_10)
FNDA:2,(anonymous_11)
FNDA:2,(anonymous_12)
FNDA:2,(anonymous_13)
FNDA:3,(anonymous_14)
FNDA:3,(anonymous_15)
FNDA:3,(anonymous_16)
FNDA:1,(anonymous_17)
FNDA:2,(anonymous_18)
FNDA:1,(anonymous_19)
FNDA:2,(anonymous_20)
FNDA:1,(anonymous_21)
FNDA:1,(anonymous_22)
FNDA:1,(anonymous_23)
DA:1,1
DA:2,1
DA:3,1
DA:4,1
DA:6,1
DA:7,1
DA:10,13
DA:11,13
DA:12,1
DA:14,12
DA:18,2
DA:19,2
DA:20,2
DA:23,1
DA:24,2
DA:25,2
DA:28,1
DA:29,3
DA:30,3
DA:31,3
DA:32,2
DA:33,2
DA:34,2
DA:35,2
DA:36,2
DA:38,1
DA:42,1
DA:43,2
DA:44,2
DA:45,2
DA:46,2
DA:48,1
DA:49,1
DA:50,1
DA:52,1
DA:53,1
DA:56,1
DA:57,4
DA:58,4
DA:59,4
DA:60,3
DA:62,3
DA:63,3
DA:64,3
DA:65,3
DA:66,3
DA:68,1
DA:72,1
DA:73,5
DA:74,5
DA:75,5
DA:76,4
DA:78,4
DA:79,4
DA:80,4
DA:81,4
DA:82,4
DA:84,1
DA:88,1
DA:89,2
DA:90,2
DA:91,2
DA:92,1
DA:93,1
DA:94,1
DA:97,1
DA:98,2
DA:99,2
DA:100,2
DA:101,1
DA:102,1
DA:103,1
DA:106,1
DA:107,3
DA:108,3
DA:109,3
DA:110,3
DA:111,3
DA:113,3
DA:114,2
DA:116,1
DA:118,1
DA:119,1
DA:120,1
DA:121,1
DA:124,1
DA:125,1
DA:127,1
DA:129,2
DA:133,1
DA:134,2
DA:135,2
DA:136,2
DA:138,1
DA:140,1
DA:141,2
DA:143,1
DA:145,1
DA:146,1
DA:147,1
DA:148,1
DA:149,1
DA:152,1
DA:155,1
DA:156,1
DA:157,1
DA:160,1
DA:161,1
DA:163,1
DA:167,1
LF:110
LH:110
BRDA:11,0,0,1
BRDA:11,0,1,12
BRDA:31,1,0,1
BRDA:31,1,1,2
BRDA:46,2,0,1
BRDA:46,2,1,1
BRDA:59,3,0,1
BRDA:59,3,1,3
BRDA:75,4,0,1
BRDA:75,4,1,4
BRDA:91,5,0,1
BRDA:91,5,1,1
BRDA:100,6,0,1
BRDA:100,6,1,1
BRDA:113,7,0,1
BRDA:113,7,1,2
BRDA:113,8,0,3
BRDA:113,8,1,2
BRDA:114,9,0,1
BRDA:114,9,1,1
BRDA:118,10,0,1
BRDA:118,10,1,0
BRDA:121,11,0,1
BRDA:121,11,1,0
BRDA:127,12,0,1
BRDA:127,12,1,0
BRDA:136,13,0,1
BRDA:136,13,1,1
BRDA:141,14,0,2
BRDA:141,14,1,2
BRDA:147,15,0,1
BRDA:147,15,1,0
BRDA:155,16,0,1
BRDA:155,16,1,0
BRDA:157,17,0,1
BRDA:157,17,1,0
BRF:36
BRH:30
end_of_record
TN:
SF:src\database.js
FN:9,conectarDB
FN:19,salvarDB
FN:23,resetarDBTestes
FNF:3
FNH:3
FNDA:21,conectarDB
FNDA:16,salvarDB
FNDA:1,resetarDBTestes
DA:1,1
DA:2,1
DA:4,1
DA:5,1
DA:7,1
DA:10,21
DA:11,21
DA:12,20
DA:14,1
DA:15,1
DA:20,16
DA:24,1
DA:25,1
DA:29,1
LF:14
LH:14
BRDA:4,0,0,1
BRDA:4,0,1,0
BRDA:24,1,0,1
BRDA:24,1,1,0
BRF:4
BRH:2
end_of_record
